{
  "stats": {
    "suites": 1,
    "tests": 2,
    "passes": 2,
    "pending": 0,
    "failures": 0,
    "start": "2017-11-08T09:16:13.420Z",
    "end": "2017-11-08T09:16:13.500Z",
    "duration": 80,
    "testsRegistered": 2,
    "passPercent": 100,
    "pendingPercent": 0,
    "other": 0,
    "hasOther": false,
    "skipped": 0,
    "hasSkipped": false,
    "passPercentClass": "success",
    "pendingPercentClass": "danger"
  },
  "suites": {
    "title": "",
    "suites": [
      {
        "title": "user_api",
        "suites": [],
        "tests": [
          {
            "title": "getUser",
            "fullTitle": "user_api getUser",
            "timedOut": false,
            "duration": 33,
            "state": "passed",
            "speed": "fast",
            "pass": true,
            "fail": false,
            "pending": false,
            "code": "request(app.listen()).get('/api/users/getUser?id=1').expect(200).end(function (err, res) {\n    console.log(res.body);\n    expect(res.body.data).to.be.an('object');\n    done();\n});",
            "err": {},
            "isRoot": false,
            "uuid": "856b16e3-767a-4271-bd38-2ef180d6f176",
            "parentUUID": "5b4a5cd1-39d9-424c-902d-90815755487f",
            "isHook": false,
            "skipped": false
          },
          {
            "title": "registerUser",
            "fullTitle": "user_api registerUser",
            "timedOut": false,
            "duration": 16,
            "state": "passed",
            "speed": "fast",
            "pass": true,
            "fail": false,
            "pending": false,
            "code": "var user = {\n    username: '黄强2',\n    age: 31\n};\nrequest(app.listen()).post('/api/users/registerUser').send(user).set('Content-Type', 'application/json').expect(200).end(function (err, res) {\n    expect(res.body.code).to.be.equal(10001);\n    done();\n});",
            "err": {},
            "isRoot": false,
            "uuid": "8616f19b-65f8-4559-b026-98a449cd02a8",
            "parentUUID": "5b4a5cd1-39d9-424c-902d-90815755487f",
            "isHook": false,
            "skipped": false
          }
        ],
        "pending": [],
        "root": false,
        "_timeout": 2000,
        "file": "\\test\\chai.test.js",
        "uuid": "5b4a5cd1-39d9-424c-902d-90815755487f",
        "beforeHooks": [],
        "afterHooks": [],
        "fullFile": "D:\\koa2-example\\test\\chai.test.js",
        "passes": [
          {
            "title": "getUser",
            "fullTitle": "user_api getUser",
            "timedOut": false,
            "duration": 33,
            "state": "passed",
            "speed": "fast",
            "pass": true,
            "fail": false,
            "pending": false,
            "code": "request(app.listen()).get('/api/users/getUser?id=1').expect(200).end(function (err, res) {\n    console.log(res.body);\n    expect(res.body.data).to.be.an('object');\n    done();\n});",
            "err": {},
            "isRoot": false,
            "uuid": "856b16e3-767a-4271-bd38-2ef180d6f176",
            "parentUUID": "5b4a5cd1-39d9-424c-902d-90815755487f",
            "isHook": false,
            "skipped": false
          },
          {
            "title": "registerUser",
            "fullTitle": "user_api registerUser",
            "timedOut": false,
            "duration": 16,
            "state": "passed",
            "speed": "fast",
            "pass": true,
            "fail": false,
            "pending": false,
            "code": "var user = {\n    username: '黄强2',\n    age: 31\n};\nrequest(app.listen()).post('/api/users/registerUser').send(user).set('Content-Type', 'application/json').expect(200).end(function (err, res) {\n    expect(res.body.code).to.be.equal(10001);\n    done();\n});",
            "err": {},
            "isRoot": false,
            "uuid": "8616f19b-65f8-4559-b026-98a449cd02a8",
            "parentUUID": "5b4a5cd1-39d9-424c-902d-90815755487f",
            "isHook": false,
            "skipped": false
          }
        ],
        "failures": [],
        "skipped": [],
        "hasBeforeHooks": false,
        "hasAfterHooks": false,
        "hasTests": true,
        "hasSuites": false,
        "totalTests": 2,
        "totalPasses": 2,
        "totalFailures": 0,
        "totalPending": 0,
        "totalSkipped": 0,
        "hasPasses": true,
        "hasFailures": false,
        "hasPending": false,
        "hasSkipped": false,
        "duration": 49,
        "rootEmpty": false
      }
    ],
    "tests": [],
    "pending": [],
    "root": true,
    "_timeout": 2000,
    "uuid": "984dfa5f-9dfd-47b7-a056-cecbca7a809f",
    "beforeHooks": [],
    "afterHooks": [],
    "fullFile": "",
    "file": "",
    "passes": [],
    "failures": [],
    "skipped": [],
    "hasBeforeHooks": false,
    "hasAfterHooks": false,
    "hasTests": false,
    "hasSuites": true,
    "totalTests": 0,
    "totalPasses": 0,
    "totalFailures": 0,
    "totalPending": 0,
    "totalSkipped": 0,
    "hasPasses": false,
    "hasFailures": false,
    "hasPending": false,
    "hasSkipped": false,
    "duration": 0,
    "rootEmpty": true
  },
  "allTests": [
    {
      "title": "getUser",
      "fullTitle": "user_api getUser",
      "timedOut": false,
      "duration": 33,
      "state": "passed",
      "speed": "fast",
      "pass": true,
      "fail": false,
      "pending": false,
      "code": "request(app.listen()).get('/api/users/getUser?id=1').expect(200).end(function (err, res) {\n    console.log(res.body);\n    expect(res.body.data).to.be.an('object');\n    done();\n});",
      "err": {},
      "isRoot": false,
      "uuid": "856b16e3-767a-4271-bd38-2ef180d6f176",
      "parentUUID": "5b4a5cd1-39d9-424c-902d-90815755487f",
      "isHook": false,
      "skipped": false
    },
    {
      "title": "registerUser",
      "fullTitle": "user_api registerUser",
      "timedOut": false,
      "duration": 16,
      "state": "passed",
      "speed": "fast",
      "pass": true,
      "fail": false,
      "pending": false,
      "code": "var user = {\n    username: '黄强2',\n    age: 31\n};\nrequest(app.listen()).post('/api/users/registerUser').send(user).set('Content-Type', 'application/json').expect(200).end(function (err, res) {\n    expect(res.body.code).to.be.equal(10001);\n    done();\n});",
      "err": {},
      "isRoot": false,
      "uuid": "8616f19b-65f8-4559-b026-98a449cd02a8",
      "parentUUID": "5b4a5cd1-39d9-424c-902d-90815755487f",
      "isHook": false,
      "skipped": false
    }
  ],
  "allPending": [],
  "allPasses": [
    {
      "title": "getUser",
      "fullTitle": "user_api getUser",
      "timedOut": false,
      "duration": 33,
      "state": "passed",
      "speed": "fast",
      "pass": true,
      "fail": false,
      "pending": false,
      "code": "request(app.listen()).get('/api/users/getUser?id=1').expect(200).end(function (err, res) {\n    console.log(res.body);\n    expect(res.body.data).to.be.an('object');\n    done();\n});",
      "err": {},
      "isRoot": false,
      "uuid": "856b16e3-767a-4271-bd38-2ef180d6f176",
      "parentUUID": "5b4a5cd1-39d9-424c-902d-90815755487f",
      "isHook": false,
      "skipped": false
    },
    {
      "title": "registerUser",
      "fullTitle": "user_api registerUser",
      "timedOut": false,
      "duration": 16,
      "state": "passed",
      "speed": "fast",
      "pass": true,
      "fail": false,
      "pending": false,
      "code": "var user = {\n    username: '黄强2',\n    age: 31\n};\nrequest(app.listen()).post('/api/users/registerUser').send(user).set('Content-Type', 'application/json').expect(200).end(function (err, res) {\n    expect(res.body.code).to.be.equal(10001);\n    done();\n});",
      "err": {},
      "isRoot": false,
      "uuid": "8616f19b-65f8-4559-b026-98a449cd02a8",
      "parentUUID": "5b4a5cd1-39d9-424c-902d-90815755487f",
      "isHook": false,
      "skipped": false
    }
  ],
  "allFailures": [],
  "copyrightYear": 2017
}